<?xml version="1.0" encoding="UTF-8"?>
<!-- Generated by org.testng.reporters.JUnitXMLReporter -->
<testsuite ignored="0" hostname="DESKTOP-TPURCMR" failures="0" tests="2" name="InternetExplorerTest" time="0.119" errors="0" timestamp="2021-03-09T21:48:36 IST">
  <testcase classname="testClass_pacakge.TestClass" name="@BeforeTest launchBrowser" time="0.004">
    <failure type="java.lang.NullPointerException" message="Cannot invoke &amp;quot;org.openqa.selenium.WebDriver.manage()&amp;quot; because &amp;quot;this.driver&amp;quot; is null">
      <![CDATA[java.lang.NullPointerException: Cannot invoke "org.openqa.selenium.WebDriver.manage()" because "this.driver" is null
at testClass_pacakge.TestClass.launchBrowser(TestClass.java:57)
... Removed 24 stack frames]]>
    </failure>
  </testcase> <!-- @BeforeTest launchBrowser -->
  <testcase classname="testClass_pacakge.TestClass" name="@BeforeClass createObject" time="-1.615306716331E9">
    <skipped/>
  </testcase> <!-- @BeforeClass createObject -->
  <testcase classname="testClass_pacakge.TestClass" name="@BeforeMethod loginToUserAccount" time="-1.615306716346E9">
    <skipped/>
  </testcase> <!-- @BeforeMethod loginToUserAccount -->
  <testcase classname="testClass_pacakge.TestClass" name="@AfterMethod logoutAccount" time="-1.615306716365E9">
    <skipped/>
  </testcase> <!-- @AfterMethod logoutAccount -->
  <testcase classname="testClass_pacakge.TestClass" name="@BeforeMethod loginToUserAccount" time="-1.615306716377E9">
    <skipped/>
  </testcase> <!-- @BeforeMethod loginToUserAccount -->
  <testcase classname="testClass_pacakge.TestClass" name="@AfterMethod logoutAccount" time="-1.615306716396E9">
    <skipped/>
  </testcase> <!-- @AfterMethod logoutAccount -->
  <testcase classname="testClass_pacakge.TestClass" name="@AfterClass clearObjects" time="-1.615306716404E9">
    <skipped/>
  </testcase> <!-- @AfterClass clearObjects -->
  <testcase classname="testClass_pacakge.TestClass" name="@AfterTest closedBrowser" time="-1.615306716411E9">
    <skipped/>
  </testcase> <!-- @AfterTest closedBrowser -->
  <testcase classname="testClass_pacakge.TestClass" name="verifydashboard" time="0.0">
    <skipped/>
  </testcase> <!-- verifydashboard -->
  <testcase classname="testClass_pacakge.TestClass" name="verifyorder" time="0.0">
    <skipped/>
  </testcase> <!-- verifyorder -->
</testsuite> <!-- InternetExplorerTest -->
